956348078
976424488
1095066042
1086969471
1084223765
1079702353
1083459521
1083280458
1090981341
1084467581
1082932094
1073834197
1065748300
1067399816
1068995302
1068995302
1070587770
1072180239
1073007218
1083979950
1083459521
1077896470
1081596038
1082406727
1082762793
1083101395
1080649195
1079702353
1077490917
1079702353
1077693693
1078799411
1069804719
1069804719
1068754548
1068874925
1062955064
1065602510
1066484426
1069803624
1067621161
1069887905
1070961976
1070961976
1072180239
1072180239
1070961976
1071458901
1072180239
1070961976
1070465052
1069971091
1069803624
1073604953
1073203545
1072818493
1073203545
1073834197
1073289627
1073375710
1074367625
1073203545
1073203545
1072180239
1072818493
1072818493
1069803624
1070961976
1074367625
1074100911
1076534493
1073834197
1073375710
1073375710
1074100911
1073011019
1072180239
1072818493
1071809558
1072180239
1073604953
1073289627
1074367625
1074100911
1075114996
1072818493
1067071360
1066069163
1066333996
1065748300
1066069163
1065672140
1065526350
1065804330
1066487774
1067071360
1066481078
1066484426
1069182428
1067071360
1068754548
1072044057
1071926278
1074017393
1077455121
1077455121
1077739307
1077739307
1079702353
1076534493
1073925795
1073834197
1072053258
1072693935
1073203545
1072569377
1072053258
1072180239
1071926278
1071765063
1071917076
1073011019
1074017393
1073604953
1074113699
1074017393
1078042487
1077969478
1077360732
1076668759
1076149018
1077302139
1077490917
1077455121
1078323429
1077419326
1077419326
1078323429
1077739307
1077817888
1076803025
1077896470
1078395137
1077302139
1076149018
1076192309
1074367625
1074863991
1074210006
1075630125
1076066077
1075862367
1075862367
1076192309
1076307753
1077052582
1075128473
1075128473
1074326185
1074346905
1075397884
1074113699
1073375710
1073289627
1074896589
1073834197
1076097428
1076421123
1076421123
1077302139
1077302139
1076138898
1075862367
1075964222
1074564366
1074761107
1074346905
1074346905
1074367625
1074210006
1074268095
1074761107
1074896589
1074326185
1073925795
1073813970
1072818493
1071926278
1071845802
1071917076
1071078622
1071078622
1070835073
1069803624
1069369555
1069337152
1069887905
1069802530
1069802530
1069803624
1068995302
1068874925
1068874925
1069029609
1071284262
1070622525
1070515110
1070218071
1071458901
1071458901
1071589734
1072012816
1072012816
1072012816
1071882047
1072394273
1072369349
1071720568
1070490081
1070622525
1069337152
1071109624
1071458901
1071720568
1071385703
1071078622
1071720568
1071109624
1070490081
1070771591
1071109624
1071109624
1071247663
1071609313
1071917076
1072099355
1071478479
1071926278
1072012816
1072249123
1072206295
1072196401
1072369349
1072344425
1073203545
1073289627
1073793743
1073834197
1073793743
1073375710
1073813970
1072843293
1074896589
1074367625
1074113699
1074762838
1074762838
1074113699
1074210006
1074367625
1074637102
1074711657
1074830579
1074711657
1074761107
1074326185
1074346905
1074346905
1074562547
1074268095
1074113699
1073925795
1074210006
1074113699
1072727666
1073793743
1073584726
1072603108
1072727666
1072196401
1072186507
1072186507
1071926278
1071809558
1070771591
1070622525
1070286475
1070465052
1070407833
1070587791
1070771591
1070490081
1070350615
1070490081
1070515110
1070490081
1070286475
1070350615
1070858183
1070490081
1070128783
1069887905
1069764661
1069971091
1069971091
1069764661
1069639517
1069887905
1070128783
1069802530
1069764661
1069764661
1069639517
1069802530
1070286475
1070318545
1070490081
1069304749
1069369555
1069552241
1069639517
1069639517
1069639517
1069337152
1070465052
1070490081
1070407833
1069804719
1070128783
1070350615
1069764661
1070128783
1070286475
1070318545
1070490081
1070465052
1070350615
1070515110
1070515110
1070407833
1070944775
1071109624
1071078622
1070771591
1071894961
1072227709
1072830893
1073203545
1072636839
1072636839
1072830893
1072901432
1072959571
1072959571
1073375710
1074346905
1074762838
1075044263
1075918944
1075964916
1076037812
1076009548
1076307753
1076622775
1076622775
1077052582
1077052582
1077302139
1077360732
1077455121
1076803025
1076683130
1076192309
1076097428
1076128779
1076128779
1076097428
1075917604
1075685301
1075625279
1075787003
1075964916
1076138898
1076066077
1075918944
1075862367
1075044263
1075044263
1074764570
1074764570
1074326185
1073620117
1073211935
1073081558
1073834197
1074308425
1073834197
1073793743
1075202310
1075202310
1075044263
1075524291
1075397884
1075889985
1075889985
1075685301
1075625279
1075917604
1075918944
1075202310
1075202310
1075360357
1074896589
1074562547
1074784254
1075360626
1075430188
1075462493
1075524291
1074840421
1074784254
1074784254
1074784254
1074764570
1074764570
1073793743
1073793743
1073925795
1073793743
1074290665
1074308425
1074326185
1074562547
1074632806
1074562547
1074672231
1074784254
1074896589
1075360626
1075862367
1075787003
1076066077
1076228318
1076307753
1076198544
1076149018
1076149018
1076170663
1076192309
1076234553
1076554818
1076670408
1076264327
1076204779
1076575143
1076683130
1077302139
1077419326
1076749439
1076695853
1076695853
1076683130
1076421123
1076204779
1075920285
1075664469
1075964916
1076037812
1075917604
1075964916
1076009548
1075917604
1075862367
1075964916
1076138898
1076097428
1075889985
1076192309
1076307753
1076234553
1076149018
1076234553
1076234553
1076138898
1076149018
1076307753
1076264327
1076149018
1076421123
1076421123
1076307753
1076204779
1076307753
1076683130
1076534493
1076421123
1076421123
1076037812
1075397884
1075360357
1075360895
1074970426
1075360357
1074210006
1074210006
1074017393
1073976118
1073884520
1073370420
1073292728
1073292728
1073391890
1073976118
1074290665
1074308425
1074672231
1074346905
1074632806
1073456681
1073764342
1074326185
1074562547
1073934843
1074250335
1073976118
1073884520
1073505293
1073764342
1074367625
1074308425
1074764570
1075044263
1075430188
1075462493
1075390284
1075360357
1075371790
1075462493
1075625279
1075524291
1075918944
1075918944
1075964916
1076103170
1076103170
1075293407
1075360357
1075360626
1075462493
1075545708
1075483910
1075545708
1075586089
1075360895
1075483910
1075483910
1075862367
1075862367
1075586089
1075320493
1075360626
1075353968
1075320493
1075293407
1075353968
1075360357
1074786041
1074784254
1075371790
1075505327
1075462493
1075505327
1075483910
1075390284
1075462493
1075462493
1075360895
1075360626
1075360626
1075862367
1075862367
1075586089
1075586089
1075862367
1076066077
1075586089
1075586089
1075706133
1075706133
1075650237
1076009548
1076103170
1076066077
1076009548
1075964916
1075964916
1075920285
1075917604
1075918944
1076170663
1076198544
1076192309
1076138898
1076084623
1076103170
1075805445
1075833906
1075917604
1076103170
1076037812
1075964916
1075833906
1075889985
1075833906
1076234553
1076198544
1076670408
1076421123
1076567582
1076307753
1076421123
1076286040
1076192309
1076138898
1076622775
1076670408
1077224891
1076749439
1076749439
1076749439
1077419326
1077499881
1076567582
1076670408
1077360732
1077147644
1077490917
1076670408
1076560021
1076622775
1076170663
1076307753
1076192309
1076192309
1076115974
1076128779
1076103170
1076115974
1076567582
1076575143
1076857536
1076683130
1076307753
1076547257
1076749439
1076547257
1076534493
1076912048
1076622775
1077455121
1077804316
1076683130
1076547257
1076622775
1076534493
1076115974
1076037812
1075545708
1075586089
1075505327
1075505327
1075360357
1075746568
1075650237
1075964916
1075918944
1076103170
1076084623
1075964916
1075920285
1075862367
1075833906
1075545708
1075505327
1075545708
1075505327
1075650237
1075917604
1076170663
1076149018
1076128779
1076103170
1075862367
1075805445
1075833906
1075643531
1075917604
1076084623
1076307753
1076246149
1076575143
1077304521
1077304521
1077304521
1077147644
1077320389
1076695853
1076695853
1076547257
1076204779
1076170663
1075964916
1076103170
1076170663
1076198544
1076170663
1076138898
1076149018
1076216375
1076286040
1076307753
1076560021
1076534493
1076547257
1076084623
1076149018
1076547257
1076622775
1076670408
1076683130
1076749439
1077224891
1077304521
1077304521
1077419326
1077564380
1077564380
1077419326
1077455121
1077333875
1077306903
1077306903
1077147644
1076670408
1076803025
1076670408
1075889985
1076451519
1076379636
1076451519
1076493006
1076451519
1076307753
1076493006
1076307753
1076246149
1076198544
1076204779
1076204779
1076138898
1076170663
1076170663
1076037812
1076149018
1076227971
1076198544
1076264327
1076149018
1076009548
1075889985
1075945318
1075746568
1075833906
1075796224
1075805445
1076103170
1076115974
1076128779
1076227971
1076307753
1076227971
1076216375
1076227971
1076246149
1076286040
1077302139
1077739307
1077768370
1077333875
1077345475
1077388200
1076912048
1077320389
1077455121
1077097590
1076749439
1076749439
1076749439
1076695853
1076670408
1076575143
1076749439
1077651843
1077797433
1077495399
1077455121
1077499881
1077564380
1077532130
1077388200
1077357075
1076264327
1076493006
1076451519
1076216375
1076683130
1076307753
1076227971
1076198544
1076307753
1076286040
1076216375
1076255768
1076547257
1076255768
1076204779
1076192309
1076204779
1076115974
1076149018
1076192309
1076379636
1076547257
1076670408
1076560021
1076264327
1076560021
1076451519
1076493006
1076084623
1076066077
1076204779
1076241869
1076241869
1076216375
1076149018
1076128779
1076170663
1076227971
1076227971
1075890009
1075862367
1075805445
1075347580
1075320493
1075360895
1074764621
1074786041
1074784254
1074823379
1074859984
1074896589
1074859984
1074859984
1075397884
1075360895
1074805604
1074764570
1074682741
1074760317
1075092813
1075347580
1074903298
1074823379
1074823379
1074899943
1074787829
1074774463
1074859984
1075124165
1075061462
1075650237
1075664469
1075657353
1075614810
1075657353
1075664469
1075796224
1075945318
1075890009
1075989949
1076066077
1076037812
1076286040
1076255768
1076451519
1076255768
1076204779
1076192309
1076241869
1076216375
1076115974
1076115974
1075970351
1076084623
1075970351
1075862390
1075646884
1075744854
1075796224
1075945318
1075787003
1075483910
1075462493
1075614810
1075505327
1075505327
1075643531
1075650237
1075545708
1075545708
1075643531
1075614810
1075890009
1076103170
1076128779
1076128779
1076084623
1076084623
1075787003
1075796224
1075796224
1075862367
1075787003
1075706133
1075664469
1075765928
1075805445
1075875278
1075945318
1075970351
1075989949
1075970351
1076170663
1076192309
1076066077
1076009548
1076009548
1076037812
1076115974
1076227971
1076216375
1076170663
1076241869
1076255768
1076227971
1076204779
1076255768
1076264327
1076307753
1076379636
1076216375
1076260047
1076260047
1076286040
1076170663
1076227971
1076138898
1076198544
1076198544
1076227971
1076286040
1076227971
1076103170
1076066077
1076149018
1076192309
1076192309
1076260047
1076286040
1076260047
1076227971
1076198544
1076138898
1076451519
1076567582
1076575143
1076622775
1076567582
1076567582
1076560021
1076575143
1076567582
1076575143
1076547257
1076622775
1076493006
1076622775
1076429667
1076534493
1076451519
1076407815
1076227971
1076407815
1076534493
1076547257
1076670408
1076407815
1076103170
1076170663
1076286040
1076803025
1076817626
1076683130
1077047536
1077302139
1076971622
1076971622
1076575143
1076534493
1076803025
1076832228
1076872138
1077302139
1077147644
1077302139
1077029290
1076991333
1077499881
1077877103
1078016173
1077886786
1077869452
1077937044
1078145611
1078145290
1078042487
1078190127
1078190127
1078420295
1078330006
1078635691
1078749369
1078922510
1079278259
1079123436
1078934675
1078934675
1078942183
1078942183
1078805354
1078863932
1078798170
1078770178
1078770178
1078790987
1078863932
1078805354
1078805354
1078863932
1078724257
1078635691
1078635691
1078679974
1078863932
1078798170
1078798170
1078863932
1078805354
1078922510
1078863932
1078928592
1079289604
1079283931
1079452736
1079452736
1079702353
1079623054
1079662703
1079801401
1079847954
1079855575
1079993011
1080106226
1079947530
1079762469
1079801401
1079947530
1080026617
1079840333
1079926425
1079935656
1079847954
1079840333
1079801401
1079755596
1079721899
1079278259
1079343434
1079283931
1079123436
1078928592
1078942183
1078934675
1078942183
1078986534
1078986534
1079123436
1079289604
1078942183
1079260338
1079278259
1079452736
1079343434
1079463850
1079608871
1079582721
1079608871
1079463850
1079318604
1079343434
1079278259
1078928592
1078934675
1078863932
1078804849
1078604371
1078503164
1078594472
1078526345
1078526345
1078863932
1078922510
1078736813
1078724257
1078770178
1078724257
1078604371
1078679974
1078617827
1078679974
1078749369
1078724257
1078805354
1078968113
1079269298
1078986534
1079299366
1079278259
1078986534
1078986534
1079015587
1079137962
1078949692
1078804344
1078736813
1078724257
1078679974
1078631284
1078633487
1078499984
1078485533
1078422018
1078419939
1078420117
1078374972
1078422018
1078420295
1078499984
1078485533
1078594472
1078633487
1078599421
1078162668
1078087531
1078159192
1078287110
1078252348
1078129266
1078159192
1078129266
1078042487
1077977618
1077840326
1078016173
1078016173
1078061821
1078052154
1077983739
1077989860
1077811200
1077804316
1077357075
1077388200
1077797433
1077532130
1077564380
1077654420
1077419326
1077304521
1077564380
1077564380
1077455121
1077419326
1077419326
1077745325
1077896470
1077860754
1077742316
1077696863
1077345475
1077306903
1077047536
1076683130
1076471611
1076357784
1076451519
1076534493
1076491703
1076534493
1076451519
1076407815
1076491703
1076429667
1076622775
1076575143
1076547257
1076513098
1076471611
1076622775
1076407815
1076357784
1076451519
1076429667
1076429667
1076037812
1076084623
1076009548
1076084623
1076037812
1076084623
1076170663
1076216375
1076192309
1076149018
1075989949
1076170663
1076037812
1076084623
1076103170
1076103170
1076138898
1076198544
1076491703
1076357784
1076241869
1076115974
1076192309
1076227971
1076149018
1076066077
1076009548
1075970351
1075862414
1075862367
1075805445
1075804687
1075862367
1075805445
1075787003
1075804687
1075685301
1075734633
1075720285
1075685301
1075664469
1075643531
1075505327
1075643531
1075706133
1075739842
1075734437
1075805445
1075795845
1075804687
1075734830
1075505327
1075483910
1075545708
1075614810
1075586089
1075505327
1075505327
1075360895
1075120638
1075360357
1075304398
1075293407
1075181559
1075124165
1075020986
1075237483
1075304398
1075237483
1075443906
1075453199
1075453199
1075443906
1075382685
1075371790
1075325989
1075397884
1075420895
1075390284
1075360895
1075360626
1075382685
1075646884
1075650237
1075397884
1075483910
1075360626
1075347580
1075360626
1075347580
1075020986
1074899943
1074896589
1074899943
1074899943
1075052862
1075020986
1074950504
1074789073
1074789073
1074806226
1074823379
1074903298
1074789073
1074786041
1074789073
1075124165
1075371790
1075420895
1075453199
1075397884
1075420895
1075483910
1075462493
1075382685
1075483910
1075483910
1075614810
1075586089
1075360626
1075360357
1075181559
1075122401
1075114032
1075052862
1075084444
1074896589
1074950504
1075084444
1074784254
1074786041
1074950504
1074896589
1074899943
1074903298
1074859984
1075020986
1074788451
1074786041
1074760317
1074762838
1074774463
1074788451
1074764673
1074682741
1074443021
1074552354
1074500956
1074500956
1074762838
1074764673
1074761107
1074789073
1074788451
1074774463
1074950504
1074784254
1074997710
1074859984
1074950504
1074950504
1074903298
1074899943
1074950504
1075084444
1074997710
1075020986
1075052862
1074997710
1074903298
1075052862
1075084444
1075020986
1075020986
1074997710
1074997710
1074806226
1074899943
1074789073
1074950504
1074899943
1074788451
1074789073
1074789073
1074784254
1074597676
1074557450
1074500956
1074735592
1074760317
1074764621
1075114032
1074896589
1074903298
1074789073
1074682741
1074449559
1074597676
1074760317
1074759528
1074643316
1074682741
1074443021
1074557450
1074632806
1074552354
1074632806
1074643316
1074682741
1074759528
1074762838
1074788451
1074823379
1074786041
1074784254
1074789073
1074786041
1074788451
1074774463
1074789073
1074788451
1074784254
1074557450
1074393482
1074311523
1074346905
1074318854
1074311523
1074326185
1074290665
1074252554
1074187252
1074212225
1074311523
1074367625
1074397128
1074416806
1074416806
1074449559
1074597676
1074562547
1074597676
1074397128
1074346905
1074397128
1074557450
1074397128
1074500956
1074500956
1074436484
1074378730
1074389836
1074326185
1074552354
1074562547
1074653826
1074643316
1074643316
1074762838
1074760317
1074764621
1074764570
1074896589
1075020986
1075120638
1075124165
1075120638
1074997710
1074789073
1074784254
1074838436
1075320263
1075298902
1075172574
1075293407
1075341854
1075360357
1075353968
1075298902
1075347580
1075360357
1075320263
1075304398
1075163589
1075341854
1075298902
1075320263
1075341854
1075320263
1075360357
1075371790
1074903298
1075052862
1075124165
1075298902
1075181559
1075122401
1075114032
1074784254
1074762838
1074643316
1074788451
1074896589
1074784254
1074787829
1074760317
1074759528
1074632806
1074552354
1074552354
1074500956
1074735592
1074759528
1074608851
1074557450
1074443021
1074552354
1074443021
1074466465
1074449559
1074443021
1074436484
1074436484
1074449559
1074389836
1074164498
1074157490
1074127005
1074150483
1074017393
1074367625
1074301094
1074301094
1074214444
1073896392
1074187252
1074187252
1074060460
1074346905
1074187252
1074157490
1074187252
1074150483
1074393482
1074557450
1074290665
1074290665
1074421035
1074393482
1074318854
1074326185
1074311523
1074301094
1074252554
1074290665
1074252554
1074187252
1074367625
1074397128
1074443021
1074428759
1074761107
1074784254
1074784254
1075044263
1075084444
1074875041
1074903298
1075122401
1075172574
1075107426
1075122401
1075181559
1075371790
1075443906
1075483910
1075628499
1075628499
1075657353
1075744854
1075787003
1075805066
1075787003
1075715864
1075664469
1075685301
1075599778
1075539059
1075725150
1075613467
1075462493
1075420895
1075420895
1075360357
1075360357
1075320263
1075304398
1075298902
1075320263
1075336129
1075360895
1075360357
1075298902
1075181559
1075163589
1075237483
1075084444
1075061462
1074950504
1074823379
1074806226
1074853493
1074787053
1074784254
1074764570
1074758654
1074774463
1074950504
1075020986
1074903298
1074903298
1074899943
1074838436
1074838436
1074787829
1074774463
1074787441
1074787829
1074784254
1074760317
1074788451
1074785653
1074853493
1074787829
1074787053
1074762838
1074774463
1074632806
1074620828
1074653826
1074608851
1074632806
1074643316
1074585699
1074466465
1074620828
1074608851
1074620828
1074585699
1074632806
1074585699
1074760317
1074761107
1074653826
1074838436
1074787441
1074787053
1074787829
1074789073
1074853493
1074789073
1074788451
1074784254
1074823379
1074788451
1074789073
1074787829
1074761107
1074764621
1074758654
1074784254
1074682741
1074562547
1074653826
1074643316
1074757781
1074757781
1074759528
1074608851
1074682741
1074397128
1074443021
1074443021
1074421035
1074397128
1074409081
1074449559
1074443021
1074458012
1074466465
1074346905
1074367625
1074346905
1074112869
1074103528
1074112869
1073947169
1074060460
1074122210
1073988444
1074290665
1074734719
1074823379
1074823379
1074875041
1074838436
1074903298
1074997710
1074875041
1074838436
1074853493
1075020986
1074899943
1074806226
1074787053
1074787441
1074788451
1074764621
1074632806
1074711657
1074632806
1074585135
1074480160
1074480160
1074466465
1074449559
1074458012
1074458012
1074523104
1074252554
1074187252
1074210006
1074187252
1074346905
1074389836
1074389836
1074301094
1074210006
1074214444
1074311523
1074367625
1074409081
1074436484
1074734719
1074653826
1074608851
1074643316
1074711657
1074757781
1074682741
1074632806
1074653826
1074734719
1074788451
1074787829
1074787829
1074787441
1075052862
1075100988
1074997710
1074838436
1074806226
1074806226
1075044263
1075020986
1074950504
1074903298
1075044263
1075298902
1075298902
1075172574
1075298902
1075341854
1075237483
1075341854
1075360357
1075341854
1075298902
1075293407
1075293407
1075304398
1075333836
1075293407
1075298902
1075237483
1075163589
1075331543
1075172574
1075052862
1074903298
1074899943
1075020986
1075044263
1074899943
1075172574
1075124165
1075382685
1075371790
1075353968
1075317970
1075333836
1075304398
1075293407
1075304398
1075163589
1075353968
1075347580
1075650237
1075710998
1075725150
1075739842
1075739842
1075685301
1075648011
1075725150
1075645786
1075645786
1075648011
1075648011
1075664469
1075353968
1075443906
1075382685
1075390284
1075382685
1075539059
1075572792
1075453199
1075397884
1075505327
1075572792
1075583254
1075572792
1075505327
1075505327
1075734437
1075715864
1075804687
1075920285
1075875278
1075833906
1075782613
1075805066
1075862414
1075918944
1075902873
1075664469
1075628499
1075648011
1075645786
1075645786
1075462493
1075360895
1075382685
1075341854
1075341854
1075293407
1075293407
1075124165
1075020986
1075052460
1075044263
1075107426
1075104207
1075081225
1074997710
1074875041
1074853493
1074853493
1074823379
1074853493
1074787829
1074787053
1074761107
1074759528
1074762838
1074787053
1074787441
1074764673
1074784254
1074823379
1074823379
1074806226
1074875041
1074788451
1074786963
1074787441
1074787441
1074787441
1074774463
1074653826
1074682741
1074620828
1074632806
1074608287
1074562547
1074485073
1074458012
1074466465
1074466465
1074475769
1074428759
1074585135
1074585135
1074552354
1074557450
1074653826
1074632806
1074734719
1074758654
1074760317
1074760317
1074786873
1074784254
1074787829
1074787441
1074787053
1074788451
1074838436
1074788451
1074759528
1074436484
1074458012
1074458012
1074449559
1074466465
1074608287
1074489464
1074523104
1074449559
1074457667
1074449559
1074449559
1074436484
1074489464
1074493855
1074523104
1074764570
1074764673
1074734719
1074757781
1074711657
1074620828
1074643316
1074734719
1074557450
1074523104
1074489464
1074557450
1074585135
1074607723
1074608287
1074557450
1074466465
1074457667
1074562547
1074523104
1074523104
1074466465
1074485073
1074552354
1074475769
1074443021
1074449559
1074421035
1074421035
1074443021
1074397128
1074326185
1074326713
1074212225
1074210006
1074190080
1074164498
1074122210
1074164498
1074311523
1074311523
1074326185
1074326713
1074393482
1074397128
1074457667
1074436484
